2022-03-07 00:00:42,752:WARNING:discord.client: PyNaCl is not installed, voice will NOT be supported
2022-03-07 00:00:42,753:INFO:discord.client: logging in using static token
2022-03-07 00:00:42,963:DEBUG:discord.http: GET https://discord.com/api/v7/users/@me with None has returned 200
2022-03-07 00:00:42,963:DEBUG:discord.http: GET https://discord.com/api/v7/users/@me has received {'id': '943727312078262362', 'username': 'Group 14 Bot', 'avatar': None, 'discriminator': '5755', 'public_flags': 0, 'flags': 0, 'bot': True, 'banner': None, 'banner_color': None, 'accent_color': None, 'bio': '', 'locale': 'en-US', 'mfa_enabled': False, 'email': None, 'verified': True}
2022-03-07 00:00:43,002:DEBUG:discord.http: GET https://discord.com/api/v7/gateway with None has returned 200
2022-03-07 00:00:43,002:DEBUG:discord.http: GET https://discord.com/api/v7/gateway has received {'url': 'wss://gateway.discord.gg'}
2022-03-07 00:00:43,202:DEBUG:discord.gateway: Created websocket connected to wss://gateway.discord.gg?encoding=json&v=6&compress=zlib-stream
2022-03-07 00:00:43,203:DEBUG:discord.client: Dispatching event socket_raw_receive
2022-03-07 00:00:43,203:DEBUG:discord.gateway: For Shard ID None: WebSocket Event: {'t': None, 's': None, 'op': 10, 'd': {'heartbeat_interval': 41250, '_trace': ['["gateway-prd-main-tsvr",{"micros":0.0}]']}}
2022-03-07 00:00:43,203:DEBUG:discord.client: Dispatching event socket_response
2022-03-07 00:00:43,203:DEBUG:discord.client: Dispatching event socket_raw_send
2022-03-07 00:00:43,204:DEBUG:discord.client: Dispatching event socket_raw_send
2022-03-07 00:00:43,205:INFO:discord.gateway: Shard ID None has sent the IDENTIFY payload.
2022-03-07 00:00:43,297:DEBUG:discord.client: Dispatching event socket_raw_receive
2022-03-07 00:00:43,298:DEBUG:discord.gateway: For Shard ID None: WebSocket Event: {'t': None, 's': None, 'op': 11, 'd': None}
2022-03-07 00:00:43,298:DEBUG:discord.client: Dispatching event socket_response
2022-03-07 00:00:43,432:DEBUG:discord.client: Dispatching event socket_raw_receive
2022-03-07 00:00:43,433:DEBUG:discord.gateway: For Shard ID None: WebSocket Event: {'t': 'READY', 's': 1, 'op': 0, 'd': {'v': 6, 'user_settings': {}, 'user': {'verified': True, 'username': 'Group 14 Bot', 'mfa_enabled': False, 'id': '943727312078262362', 'flags': 0, 'email': None, 'discriminator': '5755', 'bot': True, 'avatar': None}, 'session_id': '9988410c46a240113d83258e7a5d72a1', 'relationships': [], 'private_channels': [], 'presences': [], 'guilds': [{'unavailable': True, 'id': '943730993897013259'}], 'guild_join_requests': [], 'geo_ordered_rtc_regions': ['santa-clara', 'us-west', 'seattle', 'us-south', 'us-central'], 'application': {'id': '943727312078262362', 'flags': 262144}, '_trace': ['["gateway-prd-main-tsvr",{"micros":111367,"calls":["discord-sessions-blue-prd-2-148",{"micros":110373,"calls":["start_session",{"micros":87918,"calls":["discord-api-567dcc48dd-bjgw5",{"micros":83160,"calls":["get_user",{"micros":20622},"add_authorized_ip",{"micros":6105},"get_guilds",{"micros":21133},"coros_wait",{"micros":1}]}]},"guilds_connect",{"micros":1,"calls":[]},"presence_connect",{"micros":21920,"calls":[]}]}]}]']}}
2022-03-07 00:00:43,433:DEBUG:discord.client: Dispatching event socket_response
2022-03-07 00:00:43,434:INFO:discord.gateway: Shard ID None has connected to Gateway: ["gateway-prd-main-tsvr",{"micros":111367,"calls":["discord-sessions-blue-prd-2-148",{"micros":110373,"calls":["start_session",{"micros":87918,"calls":["discord-api-567dcc48dd-bjgw5",{"micros":83160,"calls":["get_user",{"micros":20622},"add_authorized_ip",{"micros":6105},"get_guilds",{"micros":21133},"coros_wait",{"micros":1}]}]},"guilds_connect",{"micros":1,"calls":[]},"presence_connect",{"micros":21920,"calls":[]}]}]}] (Session ID: 9988410c46a240113d83258e7a5d72a1).
2022-03-07 00:00:43,478:DEBUG:discord.client: Dispatching event connect
2022-03-07 00:00:43,479:DEBUG:discord.client: Dispatching event socket_raw_receive
2022-03-07 00:00:43,479:DEBUG:discord.gateway: For Shard ID None: WebSocket Event: {'t': 'GUILD_CREATE', 's': 2, 'op': 0, 'd': {'verification_level': 0, 'name': "Kevin's CS152 server", 'banner': None, 'max_video_channel_users': 25, 'stage_instances': [], 'rules_channel_id': None, 'application_id': None, 'roles': [{'unicode_emoji': None, 'position': 0, 'permissions_new': '1071698660929', 'permissions': 104320577, 'name': '@everyone', 'mentionable': False, 'managed': False, 'id': '943730993897013259', 'icon': None, 'hoist': False, 'color': 0}, {'unicode_emoji': None, 'tags': {'bot_id': '943727312078262362'}, 'position': 1, 'permissions_new': '17180388418', 'permissions': 519234, 'name': 'Group 14 Bot', 'mentionable': False, 'managed': True, 'id': '943731916417413153', 'icon': None, 'hoist': False, 'color': 0}], 'default_message_notifications': 0, 'member_count': 5, 'application_command_counts': {'3': 0, '2': 0, '1': 0}, 'mfa_level': 0, 'discovery_splash': None, 'premium_subscription_count': 0, 'region': 'deprecated', 'lazy': True, 'nsfw': False, 'channels': [{'type': 4, 'position': 0, 'permission_overwrites': [], 'name': 'Text Channels', 'id': '943730994408722533'}, {'type': 4, 'position': 0, 'permission_overwrites': [], 'name': 'Voice Channels', 'id': '943730994408722534'}, {'type': 0, 'topic': None, 'rate_limit_per_user': 0, 'position': 0, 'permission_overwrites': [], 'parent_id': '943730994408722533', 'name': 'general', 'last_message_id': '950207313770344500', 'id': '943730994408722535'}, {'user_limit': 0, 'type': 2, 'rtc_region': None, 'rate_limit_per_user': 0, 'position': 0, 'permission_overwrites': [], 'parent_id': '943730994408722534', 'name': 'General', 'last_message_id': None, 'id': '943730994408722536', 'bitrate': 64000}, {'type': 0, 'topic': None, 'rate_limit_per_user': 0, 'position': 1, 'permission_overwrites': [], 'parent_id': '943730994408722533', 'name': 'group-14', 'last_message_id': '950301537937293362', 'id': '943731959903969300'}, {'type': 0, 'topic': None, 'rate_limit_per_user': 0, 'position': 2, 'permission_overwrites': [], 'parent_id': '943730994408722533', 'name': 'group-14-mod', 'last_message_id': '950301546212622396', 'id': '943731999737266276'}], 'guild_hashes': {'version': 1, 'roles': {'omitted': False, 'hash': 'k1A+VtzPPW4'}, 'metadata': {'omitted': False, 'hash': '4YDjtm+DZw4'}, 'channels': {'omitted': False, 'hash': 'e3RFkfyoL00'}}, 'unavailable': False, 'preferred_locale': 'en-US', 'nsfw_level': 0, 'presences': [], 'stickers': [], 'description': None, 'afk_timeout': 300, 'application_command_count': 0, 'premium_progress_bar_enabled': False, 'threads': [], 'public_updates_channel_id': None, 'splash': None, 'guild_scheduled_events': [], 'large': False, 'id': '943730993897013259', 'premium_tier': 0, 'explicit_content_filter': 0, 'members': [{'user': {'username': 'Group 14 Bot', 'id': '943727312078262362', 'discriminator': '5755', 'bot': True, 'avatar': None}, 'roles': ['943731916417413153'], 'mute': False, 'joined_at': '2022-02-17T04:53:42.611000+00:00', 'hoisted_role': None, 'deaf': False}], 'owner_id': '821521805730644038', 'embedded_activities': [], 'system_channel_flags': 0, 'icon': None, 'voice_states': [], 'emojis': [], 'features': [], 'system_channel_id': '943730994408722535', 'afk_channel_id': None, 'vanity_url_code': None, 'max_members': 500000, 'hub_type': None, 'joined_at': '2022-02-17T04:53:42.611000+00:00'}}
2022-03-07 00:00:43,479:DEBUG:discord.client: Dispatching event socket_response
2022-03-07 00:00:43,480:DEBUG:discord.client: Dispatching event guild_available
2022-03-07 00:00:45,482:DEBUG:discord.client: Dispatching event ready
2022-03-07 00:00:48,991:DEBUG:discord.client: Dispatching event socket_raw_receive
2022-03-07 00:00:48,991:DEBUG:discord.gateway: For Shard ID None: WebSocket Event: {'t': 'MESSAGE_CREATE', 's': 3, 'op': 0, 'd': {'type': 0, 'tts': False, 'timestamp': '2022-03-07T08:00:49.054000+00:00', 'referenced_message': None, 'pinned': False, 'nonce': '950301984286572544', 'mentions': [], 'mention_roles': [], 'mention_everyone': False, 'member': {'roles': [], 'mute': False, 'joined_at': '2022-03-05T14:12:02.775000+00:00', 'hoisted_role': None, 'deaf': False}, 'id': '950301985305944064', 'flags': 0, 'embeds': [], 'edited_timestamp': None, 'content': 'qweiongnrpgn', 'components': [], 'channel_id': '943731959903969300', 'author': {'username': 'Kyle T', 'public_flags': 0, 'id': '754103207201865848', 'discriminator': '9850', 'avatar': None}, 'attachments': [], 'guild_id': '943730993897013259'}}
2022-03-07 00:00:48,992:DEBUG:discord.client: Dispatching event socket_response
2022-03-07 00:00:48,992:DEBUG:discord.client: Dispatching event message
2022-03-07 00:00:50,045:DEBUG:discord.client: Dispatching event socket_raw_receive
2022-03-07 00:00:50,045:DEBUG:discord.gateway: For Shard ID None: WebSocket Event: {'t': 'MESSAGE_CREATE', 's': 4, 'op': 0, 'd': {'type': 0, 'tts': False, 'timestamp': '2022-03-07T08:00:50.104000+00:00', 'referenced_message': None, 'pinned': False, 'mentions': [], 'mention_roles': [], 'mention_everyone': False, 'member': {'roles': ['943731916417413153'], 'mute': False, 'joined_at': '2022-02-17T04:53:42.611000+00:00', 'hoisted_role': None, 'deaf': False}, 'id': '950301989709942814', 'flags': 0, 'embeds': [], 'edited_timestamp': None, 'content': 'Forwarded message:\nKyle T: "qweiongnrpgn"', 'components': [], 'channel_id': '943731999737266276', 'author': {'username': 'Group 14 Bot', 'public_flags': 0, 'id': '943727312078262362', 'discriminator': '5755', 'bot': True, 'avatar': None}, 'attachments': [], 'guild_id': '943730993897013259'}}
2022-03-07 00:00:50,046:DEBUG:discord.client: Dispatching event socket_response
2022-03-07 00:00:50,046:DEBUG:discord.client: Dispatching event message
2022-03-07 00:00:50,088:DEBUG:discord.http: POST https://discord.com/api/v7/channels/943731999737266276/messages with {"content":"Forwarded message:\nKyle T: \"qweiongnrpgn\""} has returned 200
2022-03-07 00:00:50,088:DEBUG:discord.http: POST https://discord.com/api/v7/channels/943731999737266276/messages has received {'id': '950301989709942814', 'type': 0, 'content': 'Forwarded message:\nKyle T: "qweiongnrpgn"', 'channel_id': '943731999737266276', 'author': {'id': '943727312078262362', 'username': 'Group 14 Bot', 'avatar': None, 'discriminator': '5755', 'public_flags': 0, 'bot': True}, 'attachments': [], 'embeds': [], 'mentions': [], 'mention_roles': [], 'pinned': False, 'mention_everyone': False, 'tts': False, 'timestamp': '2022-03-07T08:00:50.104000+00:00', 'edited_timestamp': None, 'flags': 0, 'components': [], 'referenced_message': None}
2022-03-07 00:00:50,271:DEBUG:discord.client: Dispatching event socket_raw_receive
2022-03-07 00:00:50,271:DEBUG:discord.gateway: For Shard ID None: WebSocket Event: {'t': 'MESSAGE_CREATE', 's': 5, 'op': 0, 'd': {'type': 0, 'tts': False, 'timestamp': '2022-03-07T08:00:50.276000+00:00', 'referenced_message': None, 'pinned': False, 'mentions': [], 'mention_roles': [], 'mention_everyone': False, 'member': {'roles': ['943731916417413153'], 'mute': False, 'joined_at': '2022-02-17T04:53:42.611000+00:00', 'hoisted_role': None, 'deaf': False}, 'id': '950301990431363073', 'flags': 0, 'embeds': [], 'edited_timestamp': None, 'content': 'We\'ve flagged this message for you because it passed the acceptable threshold in these categories: ```{\n  "INCOHERENT": 0.89008176\n}```', 'components': [], 'channel_id': '943731999737266276', 'author': {'username': 'Group 14 Bot', 'public_flags': 0, 'id': '943727312078262362', 'discriminator': '5755', 'bot': True, 'avatar': None}, 'attachments': [], 'guild_id': '943730993897013259'}}
2022-03-07 00:00:50,271:DEBUG:discord.client: Dispatching event socket_response
2022-03-07 00:00:50,273:DEBUG:discord.client: Dispatching event message
2022-03-07 00:00:50,293:DEBUG:discord.http: POST https://discord.com/api/v7/channels/943731999737266276/messages with {"content":"We've flagged this message for you because it passed the acceptable threshold in these categories: ```{\n  \"INCOHERENT\": 0.89008176\n}```"} has returned 200
2022-03-07 00:00:50,293:DEBUG:discord.http: POST https://discord.com/api/v7/channels/943731999737266276/messages has received {'id': '950301990431363073', 'type': 0, 'content': 'We\'ve flagged this message for you because it passed the acceptable threshold in these categories: ```{\n  "INCOHERENT": 0.89008176\n}```', 'channel_id': '943731999737266276', 'author': {'id': '943727312078262362', 'username': 'Group 14 Bot', 'avatar': None, 'discriminator': '5755', 'public_flags': 0, 'bot': True}, 'attachments': [], 'embeds': [], 'mentions': [], 'mention_roles': [], 'pinned': False, 'mention_everyone': False, 'tts': False, 'timestamp': '2022-03-07T08:00:50.276000+00:00', 'edited_timestamp': None, 'flags': 0, 'components': [], 'referenced_message': None}
2022-03-07 00:00:50,468:DEBUG:discord.client: Dispatching event socket_raw_receive
2022-03-07 00:00:50,469:DEBUG:discord.gateway: For Shard ID None: WebSocket Event: {'t': 'MESSAGE_CREATE', 's': 6, 'op': 0, 'd': {'type': 0, 'tts': False, 'timestamp': '2022-03-07T08:00:50.515000+00:00', 'referenced_message': None, 'pinned': False, 'mentions': [], 'mention_roles': [], 'mention_everyone': False, 'member': {'roles': ['943731916417413153'], 'mute': False, 'joined_at': '2022-02-17T04:53:42.611000+00:00', 'hoisted_role': None, 'deaf': False}, 'id': '950301991433826324', 'flags': 0, 'embeds': [], 'edited_timestamp': None, 'content': "Please react to this message with 👍 if you'd like us to delete the message 'qweiongnrpgn':950301985305944064", 'components': [], 'channel_id': '943731999737266276', 'author': {'username': 'Group 14 Bot', 'public_flags': 0, 'id': '943727312078262362', 'discriminator': '5755', 'bot': True, 'avatar': None}, 'attachments': [], 'guild_id': '943730993897013259'}}
2022-03-07 00:00:50,471:DEBUG:discord.client: Dispatching event socket_response
2022-03-07 00:00:50,472:DEBUG:discord.client: Dispatching event message
2022-03-07 00:00:50,504:DEBUG:discord.http: POST https://discord.com/api/v7/channels/943731999737266276/messages with {"content":"Please react to this message with \ud83d\udc4d if you'd like us to delete the message 'qweiongnrpgn':950301985305944064"} has returned 200
2022-03-07 00:00:50,505:DEBUG:discord.http: POST https://discord.com/api/v7/channels/943731999737266276/messages has received {'id': '950301991433826324', 'type': 0, 'content': "Please react to this message with 👍 if you'd like us to delete the message 'qweiongnrpgn':950301985305944064", 'channel_id': '943731999737266276', 'author': {'id': '943727312078262362', 'username': 'Group 14 Bot', 'avatar': None, 'discriminator': '5755', 'public_flags': 0, 'bot': True}, 'attachments': [], 'embeds': [], 'mentions': [], 'mention_roles': [], 'pinned': False, 'mention_everyone': False, 'tts': False, 'timestamp': '2022-03-07T08:00:50.515000+00:00', 'edited_timestamp': None, 'flags': 0, 'components': [], 'referenced_message': None}
2022-03-07 00:00:50,658:DEBUG:discord.client: Dispatching event socket_raw_receive
2022-03-07 00:00:50,659:DEBUG:discord.gateway: For Shard ID None: WebSocket Event: {'t': 'MESSAGE_CREATE', 's': 7, 'op': 0, 'd': {'type': 0, 'tts': False, 'timestamp': '2022-03-07T08:00:50.720000+00:00', 'referenced_message': None, 'pinned': False, 'mentions': [], 'mention_roles': [], 'mention_everyone': False, 'member': {'roles': ['943731916417413153'], 'mute': False, 'joined_at': '2022-02-17T04:53:42.611000+00:00', 'hoisted_role': None, 'deaf': False}, 'id': '950301992293658625', 'flags': 0, 'embeds': [], 'edited_timestamp': None, 'content': "Please react to this message with ❌ if you'd like us to suspend the user who sent the message.'qweiongnrpgn':754103207201865848", 'components': [], 'channel_id': '943731999737266276', 'author': {'username': 'Group 14 Bot', 'public_flags': 0, 'id': '943727312078262362', 'discriminator': '5755', 'bot': True, 'avatar': None}, 'attachments': [], 'guild_id': '943730993897013259'}}
2022-03-07 00:00:50,659:DEBUG:discord.client: Dispatching event socket_response
2022-03-07 00:00:50,659:DEBUG:discord.client: Dispatching event message
2022-03-07 00:00:50,694:DEBUG:discord.http: POST https://discord.com/api/v7/channels/943731999737266276/messages with {"content":"Please react to this message with \u274c if you'd like us to suspend the user who sent the message.'qweiongnrpgn':754103207201865848"} has returned 200
2022-03-07 00:00:50,694:DEBUG:discord.http: POST https://discord.com/api/v7/channels/943731999737266276/messages has received {'id': '950301992293658625', 'type': 0, 'content': "Please react to this message with ❌ if you'd like us to suspend the user who sent the message.'qweiongnrpgn':754103207201865848", 'channel_id': '943731999737266276', 'author': {'id': '943727312078262362', 'username': 'Group 14 Bot', 'avatar': None, 'discriminator': '5755', 'public_flags': 0, 'bot': True}, 'attachments': [], 'embeds': [], 'mentions': [], 'mention_roles': [], 'pinned': False, 'mention_everyone': False, 'tts': False, 'timestamp': '2022-03-07T08:00:50.720000+00:00', 'edited_timestamp': None, 'flags': 0, 'components': [], 'referenced_message': None}
2022-03-07 00:00:50,840:DEBUG:discord.client: Dispatching event socket_raw_receive
2022-03-07 00:00:50,840:DEBUG:discord.gateway: For Shard ID None: WebSocket Event: {'t': 'MESSAGE_CREATE', 's': 8, 'op': 0, 'd': {'type': 0, 'tts': False, 'timestamp': '2022-03-07T08:00:50.821000+00:00', 'referenced_message': None, 'pinned': False, 'mentions': [], 'mention_roles': [], 'mention_everyone': False, 'member': {'roles': ['943731916417413153'], 'mute': False, 'joined_at': '2022-02-17T04:53:42.611000+00:00', 'hoisted_role': None, 'deaf': False}, 'id': '950301992717266955', 'flags': 0, 'embeds': [], 'edited_timestamp': None, 'content': "Do you want to generate a graphical analysis of the author's (754103207201865848) messaging? If yes, please react to this message with ✅.", 'components': [], 'channel_id': '943731999737266276', 'author': {'username': 'Group 14 Bot', 'public_flags': 0, 'id': '943727312078262362', 'discriminator': '5755', 'bot': True, 'avatar': None}, 'attachments': [], 'guild_id': '943730993897013259'}}
2022-03-07 00:00:50,840:DEBUG:discord.client: Dispatching event socket_response
2022-03-07 00:00:50,841:DEBUG:discord.client: Dispatching event message
2022-03-07 00:00:50,846:DEBUG:discord.http: POST https://discord.com/api/v7/channels/943731999737266276/messages with {"content":"Do you want to generate a graphical analysis of the author's (754103207201865848) messaging? If yes, please react to this message with \u2705."} has returned 200
2022-03-07 00:00:50,847:DEBUG:discord.http: A rate limit bucket has been exhausted (bucket: 943731999737266276:None:/channels/{channel_id}/messages, retry: 4.208).
2022-03-07 00:00:50,847:DEBUG:discord.http: POST https://discord.com/api/v7/channels/943731999737266276/messages has received {'id': '950301992717266955', 'type': 0, 'content': "Do you want to generate a graphical analysis of the author's (754103207201865848) messaging? If yes, please react to this message with ✅.", 'channel_id': '943731999737266276', 'author': {'id': '943727312078262362', 'username': 'Group 14 Bot', 'avatar': None, 'discriminator': '5755', 'public_flags': 0, 'bot': True}, 'attachments': [], 'embeds': [], 'mentions': [], 'mention_roles': [], 'pinned': False, 'mention_everyone': False, 'tts': False, 'timestamp': '2022-03-07T08:00:50.821000+00:00', 'edited_timestamp': None, 'flags': 0, 'components': [], 'referenced_message': None}
2022-03-07 00:00:56,624:DEBUG:discord.client: Dispatching event socket_raw_receive
2022-03-07 00:00:56,625:DEBUG:discord.gateway: For Shard ID None: WebSocket Event: {'t': 'TYPING_START', 's': 9, 'op': 0, 'd': {'user_id': '754103207201865848', 'timestamp': 1646640056, 'member': {'user': {'username': 'Kyle T', 'id': '754103207201865848', 'discriminator': '9850', 'avatar': None}, 'roles': [], 'mute': False, 'joined_at': '2022-03-05T14:12:02.775000+00:00', 'hoisted_role': None, 'deaf': False}, 'channel_id': '943731959903969300', 'guild_id': '943730993897013259'}}
2022-03-07 00:00:56,625:DEBUG:discord.client: Dispatching event socket_response
2022-03-07 00:00:56,626:DEBUG:discord.client: Dispatching event typing
2022-03-07 00:00:59,371:DEBUG:discord.client: Dispatching event socket_raw_receive
2022-03-07 00:00:59,371:DEBUG:discord.gateway: For Shard ID None: WebSocket Event: {'t': 'MESSAGE_CREATE', 's': 10, 'op': 0, 'd': {'type': 0, 'tts': False, 'timestamp': '2022-03-07T08:00:59.409000+00:00', 'referenced_message': None, 'pinned': False, 'nonce': '950302027575984128', 'mentions': [{'username': 'Kevin Tien', 'public_flags': 0, 'member': {'roles': [], 'mute': False, 'joined_at': '2022-02-17T04:50:02.719000+00:00', 'hoisted_role': None, 'deaf': False}, 'id': '821521805730644038', 'discriminator': '4837', 'avatar': None}], 'mention_roles': [], 'mention_everyone': False, 'member': {'roles': [], 'mute': False, 'joined_at': '2022-03-05T14:12:02.775000+00:00', 'hoisted_role': None, 'deaf': False}, 'id': '950302028737966090', 'flags': 0, 'embeds': [], 'edited_timestamp': None, 'content': 'qoirioegnoreig <@!821521805730644038>', 'components': [], 'channel_id': '943731959903969300', 'author': {'username': 'Kyle T', 'public_flags': 0, 'id': '754103207201865848', 'discriminator': '9850', 'avatar': None}, 'attachments': [], 'guild_id': '943730993897013259'}}
2022-03-07 00:00:59,371:DEBUG:discord.client: Dispatching event socket_response
2022-03-07 00:00:59,372:DEBUG:discord.client: Dispatching event message
2022-03-07 00:01:24,459:DEBUG:discord.gateway: Keeping shard ID None websocket alive with sequence 10.
2022-03-07 00:01:24,561:DEBUG:discord.client: Dispatching event socket_raw_receive
2022-03-07 00:01:24,561:DEBUG:discord.gateway: For Shard ID None: WebSocket Event: {'t': None, 's': None, 'op': 11, 'd': None}
2022-03-07 00:01:24,561:DEBUG:discord.client: Dispatching event socket_response
2022-03-07 00:02:05,714:DEBUG:discord.gateway: Keeping shard ID None websocket alive with sequence 10.
2022-03-07 00:02:05,831:DEBUG:discord.client: Dispatching event socket_raw_receive
2022-03-07 00:02:05,831:DEBUG:discord.gateway: For Shard ID None: WebSocket Event: {'t': None, 's': None, 'op': 11, 'd': None}
2022-03-07 00:02:05,831:DEBUG:discord.client: Dispatching event socket_response
2022-03-07 00:02:46,968:DEBUG:discord.gateway: Keeping shard ID None websocket alive with sequence 10.
2022-03-07 00:02:47,072:DEBUG:discord.client: Dispatching event socket_raw_receive
2022-03-07 00:02:47,073:DEBUG:discord.gateway: For Shard ID None: WebSocket Event: {'t': None, 's': None, 'op': 11, 'd': None}
2022-03-07 00:02:47,073:DEBUG:discord.client: Dispatching event socket_response
2022-03-07 00:03:28,225:DEBUG:discord.gateway: Keeping shard ID None websocket alive with sequence 10.
2022-03-07 00:03:28,329:DEBUG:discord.client: Dispatching event socket_raw_receive
2022-03-07 00:03:28,329:DEBUG:discord.gateway: For Shard ID None: WebSocket Event: {'t': None, 's': None, 'op': 11, 'd': None}
2022-03-07 00:03:28,329:DEBUG:discord.client: Dispatching event socket_response
2022-03-07 00:04:08,959:DEBUG:discord.client: Dispatching event socket_raw_receive
2022-03-07 00:04:08,959:DEBUG:discord.gateway: For Shard ID None: WebSocket Event: {'t': 'MESSAGE_CREATE', 's': 11, 'op': 0, 'd': {'type': 0, 'tts': False, 'timestamp': '2022-03-07T08:04:09.018000+00:00', 'referenced_message': None, 'pinned': False, 'nonce': '950302822627278848', 'mentions': [], 'mention_roles': [], 'mention_everyone': False, 'member': {'roles': [], 'mute': False, 'joined_at': '2022-03-05T14:12:02.775000+00:00', 'hoisted_role': None, 'deaf': False}, 'id': '950302824015749120', 'flags': 0, 'embeds': [], 'edited_timestamp': None, 'content': 'oqiwengorng', 'components': [], 'channel_id': '943731959903969300', 'author': {'username': 'Kyle T', 'public_flags': 0, 'id': '754103207201865848', 'discriminator': '9850', 'avatar': None}, 'attachments': [], 'guild_id': '943730993897013259'}}
2022-03-07 00:04:08,960:DEBUG:discord.client: Dispatching event socket_response
2022-03-07 00:04:08,960:DEBUG:discord.client: Dispatching event message
2022-03-07 00:04:09,478:DEBUG:discord.gateway: Keeping shard ID None websocket alive with sequence 11.
2022-03-07 00:04:10,604:DEBUG:discord.client: Dispatching event socket_raw_receive
2022-03-07 00:04:10,605:DEBUG:discord.gateway: For Shard ID None: WebSocket Event: {'t': None, 's': None, 'op': 11, 'd': None}
2022-03-07 00:04:10,605:DEBUG:discord.client: Dispatching event socket_response
2022-03-07 00:04:10,792:DEBUG:discord.client: Dispatching event socket_raw_receive
2022-03-07 00:04:10,793:DEBUG:discord.gateway: For Shard ID None: WebSocket Event: {'t': 'MESSAGE_CREATE', 's': 12, 'op': 0, 'd': {'type': 0, 'tts': False, 'timestamp': '2022-03-07T08:04:10.850000+00:00', 'referenced_message': None, 'pinned': False, 'mentions': [], 'mention_roles': [], 'mention_everyone': False, 'member': {'roles': ['943731916417413153'], 'mute': False, 'joined_at': '2022-02-17T04:53:42.611000+00:00', 'hoisted_role': None, 'deaf': False}, 'id': '950302831699718184', 'flags': 0, 'embeds': [], 'edited_timestamp': None, 'content': 'Forwarded message:\nKyle T: "oqiwengorng"', 'components': [], 'channel_id': '943731999737266276', 'author': {'username': 'Group 14 Bot', 'public_flags': 0, 'id': '943727312078262362', 'discriminator': '5755', 'bot': True, 'avatar': None}, 'attachments': [], 'guild_id': '943730993897013259'}}
2022-03-07 00:04:10,793:DEBUG:discord.client: Dispatching event socket_response
2022-03-07 00:04:10,794:DEBUG:discord.client: Dispatching event message
2022-03-07 00:04:10,862:DEBUG:discord.http: POST https://discord.com/api/v7/channels/943731999737266276/messages with {"content":"Forwarded message:\nKyle T: \"oqiwengorng\""} has returned 200
2022-03-07 00:04:10,865:DEBUG:discord.http: POST https://discord.com/api/v7/channels/943731999737266276/messages has received {'id': '950302831699718184', 'type': 0, 'content': 'Forwarded message:\nKyle T: "oqiwengorng"', 'channel_id': '943731999737266276', 'author': {'id': '943727312078262362', 'username': 'Group 14 Bot', 'avatar': None, 'discriminator': '5755', 'public_flags': 0, 'bot': True}, 'attachments': [], 'embeds': [], 'mentions': [], 'mention_roles': [], 'pinned': False, 'mention_everyone': False, 'tts': False, 'timestamp': '2022-03-07T08:04:10.850000+00:00', 'edited_timestamp': None, 'flags': 0, 'components': [], 'referenced_message': None}
2022-03-07 00:04:11,071:DEBUG:discord.client: Dispatching event socket_raw_receive
2022-03-07 00:04:11,072:DEBUG:discord.gateway: For Shard ID None: WebSocket Event: {'t': 'MESSAGE_CREATE', 's': 13, 'op': 0, 'd': {'type': 0, 'tts': False, 'timestamp': '2022-03-07T08:04:11.105000+00:00', 'referenced_message': None, 'pinned': False, 'mentions': [], 'mention_roles': [], 'mention_everyone': False, 'member': {'roles': ['943731916417413153'], 'mute': False, 'joined_at': '2022-02-17T04:53:42.611000+00:00', 'hoisted_role': None, 'deaf': False}, 'id': '950302832769253406', 'flags': 0, 'embeds': [], 'edited_timestamp': None, 'content': 'We\'ve flagged this message for you because it passed the acceptable threshold in these categories: ```{\n  "INCOHERENT": 0.89032257\n}```', 'components': [], 'channel_id': '943731999737266276', 'author': {'username': 'Group 14 Bot', 'public_flags': 0, 'id': '943727312078262362', 'discriminator': '5755', 'bot': True, 'avatar': None}, 'attachments': [], 'guild_id': '943730993897013259'}}
2022-03-07 00:04:11,073:DEBUG:discord.client: Dispatching event socket_response
2022-03-07 00:04:11,073:DEBUG:discord.client: Dispatching event message
2022-03-07 00:04:11,117:DEBUG:discord.http: POST https://discord.com/api/v7/channels/943731999737266276/messages with {"content":"We've flagged this message for you because it passed the acceptable threshold in these categories: ```{\n  \"INCOHERENT\": 0.89032257\n}```"} has returned 200
2022-03-07 00:04:11,117:DEBUG:discord.http: POST https://discord.com/api/v7/channels/943731999737266276/messages has received {'id': '950302832769253406', 'type': 0, 'content': 'We\'ve flagged this message for you because it passed the acceptable threshold in these categories: ```{\n  "INCOHERENT": 0.89032257\n}```', 'channel_id': '943731999737266276', 'author': {'id': '943727312078262362', 'username': 'Group 14 Bot', 'avatar': None, 'discriminator': '5755', 'public_flags': 0, 'bot': True}, 'attachments': [], 'embeds': [], 'mentions': [], 'mention_roles': [], 'pinned': False, 'mention_everyone': False, 'tts': False, 'timestamp': '2022-03-07T08:04:11.105000+00:00', 'edited_timestamp': None, 'flags': 0, 'components': [], 'referenced_message': None}
2022-03-07 00:04:11,261:DEBUG:discord.client: Dispatching event socket_raw_receive
2022-03-07 00:04:11,262:DEBUG:discord.gateway: For Shard ID None: WebSocket Event: {'t': 'MESSAGE_CREATE', 's': 14, 'op': 0, 'd': {'type': 0, 'tts': False, 'timestamp': '2022-03-07T08:04:11.328000+00:00', 'referenced_message': None, 'pinned': False, 'mentions': [], 'mention_roles': [], 'mention_everyone': False, 'member': {'roles': ['943731916417413153'], 'mute': False, 'joined_at': '2022-02-17T04:53:42.611000+00:00', 'hoisted_role': None, 'deaf': False}, 'id': '950302833704566784', 'flags': 0, 'embeds': [], 'edited_timestamp': None, 'content': "Please react to this message with 👍 if you'd like us to delete the message 'oqiwengorng':950302824015749120", 'components': [], 'channel_id': '943731999737266276', 'author': {'username': 'Group 14 Bot', 'public_flags': 0, 'id': '943727312078262362', 'discriminator': '5755', 'bot': True, 'avatar': None}, 'attachments': [], 'guild_id': '943730993897013259'}}
2022-03-07 00:04:11,262:DEBUG:discord.client: Dispatching event socket_response
2022-03-07 00:04:11,263:DEBUG:discord.client: Dispatching event message
2022-03-07 00:04:11,293:DEBUG:discord.http: POST https://discord.com/api/v7/channels/943731999737266276/messages with {"content":"Please react to this message with \ud83d\udc4d if you'd like us to delete the message 'oqiwengorng':950302824015749120"} has returned 200
2022-03-07 00:04:11,293:DEBUG:discord.http: POST https://discord.com/api/v7/channels/943731999737266276/messages has received {'id': '950302833704566784', 'type': 0, 'content': "Please react to this message with 👍 if you'd like us to delete the message 'oqiwengorng':950302824015749120", 'channel_id': '943731999737266276', 'author': {'id': '943727312078262362', 'username': 'Group 14 Bot', 'avatar': None, 'discriminator': '5755', 'public_flags': 0, 'bot': True}, 'attachments': [], 'embeds': [], 'mentions': [], 'mention_roles': [], 'pinned': False, 'mention_everyone': False, 'tts': False, 'timestamp': '2022-03-07T08:04:11.328000+00:00', 'edited_timestamp': None, 'flags': 0, 'components': [], 'referenced_message': None}
2022-03-07 00:04:11,476:DEBUG:discord.client: Dispatching event socket_raw_receive
2022-03-07 00:04:11,477:DEBUG:discord.gateway: For Shard ID None: WebSocket Event: {'t': 'MESSAGE_CREATE', 's': 15, 'op': 0, 'd': {'type': 0, 'tts': False, 'timestamp': '2022-03-07T08:04:11.534000+00:00', 'referenced_message': None, 'pinned': False, 'mentions': [], 'mention_roles': [], 'mention_everyone': False, 'member': {'roles': ['943731916417413153'], 'mute': False, 'joined_at': '2022-02-17T04:53:42.611000+00:00', 'hoisted_role': None, 'deaf': False}, 'id': '950302834568593448', 'flags': 0, 'embeds': [], 'edited_timestamp': None, 'content': "Please react to this message with ❌ if you'd like us to suspend the user who sent the message.'oqiwengorng':754103207201865848", 'components': [], 'channel_id': '943731999737266276', 'author': {'username': 'Group 14 Bot', 'public_flags': 0, 'id': '943727312078262362', 'discriminator': '5755', 'bot': True, 'avatar': None}, 'attachments': [], 'guild_id': '943730993897013259'}}
2022-03-07 00:04:11,477:DEBUG:discord.client: Dispatching event socket_response
2022-03-07 00:04:11,478:DEBUG:discord.client: Dispatching event message
2022-03-07 00:04:11,718:DEBUG:discord.http: POST https://discord.com/api/v7/channels/943731999737266276/messages with {"content":"Please react to this message with \u274c if you'd like us to suspend the user who sent the message.'oqiwengorng':754103207201865848"} has returned 200
2022-03-07 00:04:11,718:DEBUG:discord.http: POST https://discord.com/api/v7/channels/943731999737266276/messages has received {'id': '950302834568593448', 'type': 0, 'content': "Please react to this message with ❌ if you'd like us to suspend the user who sent the message.'oqiwengorng':754103207201865848", 'channel_id': '943731999737266276', 'author': {'id': '943727312078262362', 'username': 'Group 14 Bot', 'avatar': None, 'discriminator': '5755', 'public_flags': 0, 'bot': True}, 'attachments': [], 'embeds': [], 'mentions': [], 'mention_roles': [], 'pinned': False, 'mention_everyone': False, 'tts': False, 'timestamp': '2022-03-07T08:04:11.534000+00:00', 'edited_timestamp': None, 'flags': 0, 'components': [], 'referenced_message': None}
2022-03-07 00:04:11,884:DEBUG:discord.client: Dispatching event socket_raw_receive
2022-03-07 00:04:11,884:DEBUG:discord.gateway: For Shard ID None: WebSocket Event: {'t': 'MESSAGE_CREATE', 's': 16, 'op': 0, 'd': {'type': 0, 'tts': False, 'timestamp': '2022-03-07T08:04:11.919000+00:00', 'referenced_message': None, 'pinned': False, 'mentions': [], 'mention_roles': [], 'mention_everyone': False, 'member': {'roles': ['943731916417413153'], 'mute': False, 'joined_at': '2022-02-17T04:53:42.611000+00:00', 'hoisted_role': None, 'deaf': False}, 'id': '950302836183416873', 'flags': 0, 'embeds': [], 'edited_timestamp': None, 'content': "Do you want to generate a graphical analysis of the author's (754103207201865848) messaging? If yes, please react to this message with ✅.", 'components': [], 'channel_id': '943731999737266276', 'author': {'username': 'Group 14 Bot', 'public_flags': 0, 'id': '943727312078262362', 'discriminator': '5755', 'bot': True, 'avatar': None}, 'attachments': [], 'guild_id': '943730993897013259'}}
2022-03-07 00:04:11,884:DEBUG:discord.client: Dispatching event socket_response
2022-03-07 00:04:11,885:DEBUG:discord.client: Dispatching event message
2022-03-07 00:04:11,914:DEBUG:discord.http: POST https://discord.com/api/v7/channels/943731999737266276/messages with {"content":"Do you want to generate a graphical analysis of the author's (754103207201865848) messaging? If yes, please react to this message with \u2705."} has returned 200
2022-03-07 00:04:11,915:DEBUG:discord.http: A rate limit bucket has been exhausted (bucket: 943731999737266276:None:/channels/{channel_id}/messages, retry: 3.854).
2022-03-07 00:04:11,915:DEBUG:discord.http: POST https://discord.com/api/v7/channels/943731999737266276/messages has received {'id': '950302836183416873', 'type': 0, 'content': "Do you want to generate a graphical analysis of the author's (754103207201865848) messaging? If yes, please react to this message with ✅.", 'channel_id': '943731999737266276', 'author': {'id': '943727312078262362', 'username': 'Group 14 Bot', 'avatar': None, 'discriminator': '5755', 'public_flags': 0, 'bot': True}, 'attachments': [], 'embeds': [], 'mentions': [], 'mention_roles': [], 'pinned': False, 'mention_everyone': False, 'tts': False, 'timestamp': '2022-03-07T08:04:11.919000+00:00', 'edited_timestamp': None, 'flags': 0, 'components': [], 'referenced_message': None}
2022-03-07 00:04:51,755:DEBUG:discord.gateway: Keeping shard ID None websocket alive with sequence 16.
2022-03-07 00:04:51,853:DEBUG:discord.client: Dispatching event socket_raw_receive
2022-03-07 00:04:51,853:DEBUG:discord.gateway: For Shard ID None: WebSocket Event: {'t': None, 's': None, 'op': 11, 'd': None}
2022-03-07 00:04:51,853:DEBUG:discord.client: Dispatching event socket_response
2022-03-07 00:05:33,010:DEBUG:discord.gateway: Keeping shard ID None websocket alive with sequence 16.
2022-03-07 00:05:33,110:DEBUG:discord.client: Dispatching event socket_raw_receive
2022-03-07 00:05:33,111:DEBUG:discord.gateway: For Shard ID None: WebSocket Event: {'t': None, 's': None, 'op': 11, 'd': None}
2022-03-07 00:05:33,111:DEBUG:discord.client: Dispatching event socket_response
2022-03-07 00:06:14,269:DEBUG:discord.gateway: Keeping shard ID None websocket alive with sequence 16.
2022-03-07 00:06:14,377:DEBUG:discord.client: Dispatching event socket_raw_receive
2022-03-07 00:06:14,377:DEBUG:discord.gateway: For Shard ID None: WebSocket Event: {'t': None, 's': None, 'op': 11, 'd': None}
2022-03-07 00:06:14,378:DEBUG:discord.client: Dispatching event socket_response
2022-03-07 00:06:55,531:DEBUG:discord.gateway: Keeping shard ID None websocket alive with sequence 16.
2022-03-07 00:06:55,634:DEBUG:discord.client: Dispatching event socket_raw_receive
2022-03-07 00:06:55,634:DEBUG:discord.gateway: For Shard ID None: WebSocket Event: {'t': None, 's': None, 'op': 11, 'd': None}
2022-03-07 00:06:55,635:DEBUG:discord.client: Dispatching event socket_response
2022-03-07 00:07:36,789:DEBUG:discord.gateway: Keeping shard ID None websocket alive with sequence 16.
2022-03-07 00:07:36,899:DEBUG:discord.client: Dispatching event socket_raw_receive
2022-03-07 00:07:36,899:DEBUG:discord.gateway: For Shard ID None: WebSocket Event: {'t': None, 's': None, 'op': 11, 'd': None}
2022-03-07 00:07:36,900:DEBUG:discord.client: Dispatching event socket_response
2022-03-07 00:08:18,046:DEBUG:discord.gateway: Keeping shard ID None websocket alive with sequence 16.
2022-03-07 00:08:18,163:DEBUG:discord.client: Dispatching event socket_raw_receive
2022-03-07 00:08:18,163:DEBUG:discord.gateway: For Shard ID None: WebSocket Event: {'t': None, 's': None, 'op': 11, 'd': None}
2022-03-07 00:08:18,164:DEBUG:discord.client: Dispatching event socket_response
2022-03-07 00:08:59,302:DEBUG:discord.gateway: Keeping shard ID None websocket alive with sequence 16.
2022-03-07 00:08:59,405:DEBUG:discord.client: Dispatching event socket_raw_receive
2022-03-07 00:08:59,406:DEBUG:discord.gateway: For Shard ID None: WebSocket Event: {'t': None, 's': None, 'op': 11, 'd': None}
2022-03-07 00:08:59,406:DEBUG:discord.client: Dispatching event socket_response
2022-03-07 00:09:40,559:DEBUG:discord.gateway: Keeping shard ID None websocket alive with sequence 16.
2022-03-07 00:09:40,672:DEBUG:discord.client: Dispatching event socket_raw_receive
2022-03-07 00:09:40,673:DEBUG:discord.gateway: For Shard ID None: WebSocket Event: {'t': None, 's': None, 'op': 11, 'd': None}
2022-03-07 00:09:40,673:DEBUG:discord.client: Dispatching event socket_response
2022-03-07 00:10:21,814:DEBUG:discord.gateway: Keeping shard ID None websocket alive with sequence 16.
2022-03-07 00:10:21,911:DEBUG:discord.client: Dispatching event socket_raw_receive
2022-03-07 00:10:21,911:DEBUG:discord.gateway: For Shard ID None: WebSocket Event: {'t': None, 's': None, 'op': 11, 'd': None}
2022-03-07 00:10:21,911:DEBUG:discord.client: Dispatching event socket_response
2022-03-07 00:11:03,070:DEBUG:discord.gateway: Keeping shard ID None websocket alive with sequence 16.
2022-03-07 00:11:03,174:DEBUG:discord.client: Dispatching event socket_raw_receive
2022-03-07 00:11:03,174:DEBUG:discord.gateway: For Shard ID None: WebSocket Event: {'t': None, 's': None, 'op': 11, 'd': None}
2022-03-07 00:11:03,174:DEBUG:discord.client: Dispatching event socket_response
2022-03-07 00:11:44,324:DEBUG:discord.gateway: Keeping shard ID None websocket alive with sequence 16.
2022-03-07 00:11:44,423:DEBUG:discord.client: Dispatching event socket_raw_receive
2022-03-07 00:11:44,424:DEBUG:discord.gateway: For Shard ID None: WebSocket Event: {'t': None, 's': None, 'op': 11, 'd': None}
2022-03-07 00:11:44,424:DEBUG:discord.client: Dispatching event socket_response
2022-03-07 00:12:25,582:DEBUG:discord.gateway: Keeping shard ID None websocket alive with sequence 16.
2022-03-07 00:12:25,687:DEBUG:discord.client: Dispatching event socket_raw_receive
2022-03-07 00:12:25,688:DEBUG:discord.gateway: For Shard ID None: WebSocket Event: {'t': None, 's': None, 'op': 11, 'd': None}
2022-03-07 00:12:25,688:DEBUG:discord.client: Dispatching event socket_response
2022-03-07 00:13:06,838:DEBUG:discord.gateway: Keeping shard ID None websocket alive with sequence 16.
2022-03-07 00:13:06,940:DEBUG:discord.client: Dispatching event socket_raw_receive
2022-03-07 00:13:06,941:DEBUG:discord.gateway: For Shard ID None: WebSocket Event: {'t': None, 's': None, 'op': 11, 'd': None}
2022-03-07 00:13:06,941:DEBUG:discord.client: Dispatching event socket_response
2022-03-07 00:13:48,094:DEBUG:discord.gateway: Keeping shard ID None websocket alive with sequence 16.
2022-03-07 00:13:48,198:DEBUG:discord.client: Dispatching event socket_raw_receive
2022-03-07 00:13:48,203:DEBUG:discord.gateway: For Shard ID None: WebSocket Event: {'t': None, 's': None, 'op': 11, 'd': None}
2022-03-07 00:13:48,205:DEBUG:discord.client: Dispatching event socket_response
2022-03-07 00:14:29,371:DEBUG:discord.gateway: Keeping shard ID None websocket alive with sequence 16.
2022-03-07 00:14:29,476:DEBUG:discord.client: Dispatching event socket_raw_receive
2022-03-07 00:14:29,476:DEBUG:discord.gateway: For Shard ID None: WebSocket Event: {'t': None, 's': None, 'op': 11, 'd': None}
2022-03-07 00:14:29,477:DEBUG:discord.client: Dispatching event socket_response
2022-03-07 00:15:10,636:DEBUG:discord.gateway: Keeping shard ID None websocket alive with sequence 16.
2022-03-07 00:15:10,735:DEBUG:discord.client: Dispatching event socket_raw_receive
2022-03-07 00:15:10,735:DEBUG:discord.gateway: For Shard ID None: WebSocket Event: {'t': None, 's': None, 'op': 11, 'd': None}
2022-03-07 00:15:10,735:DEBUG:discord.client: Dispatching event socket_response
2022-03-07 00:15:51,894:DEBUG:discord.gateway: Keeping shard ID None websocket alive with sequence 16.
2022-03-07 00:15:51,990:DEBUG:discord.client: Dispatching event socket_raw_receive
2022-03-07 00:15:51,992:DEBUG:discord.gateway: For Shard ID None: WebSocket Event: {'t': None, 's': None, 'op': 11, 'd': None}
2022-03-07 00:15:51,993:DEBUG:discord.client: Dispatching event socket_response
2022-03-07 00:16:33,147:DEBUG:discord.gateway: Keeping shard ID None websocket alive with sequence 16.
2022-03-07 00:16:33,251:DEBUG:discord.client: Dispatching event socket_raw_receive
2022-03-07 00:16:33,252:DEBUG:discord.gateway: For Shard ID None: WebSocket Event: {'t': None, 's': None, 'op': 11, 'd': None}
2022-03-07 00:16:33,252:DEBUG:discord.client: Dispatching event socket_response
